<?xml version="1.0" encoding="UTF-8"?>
<!-- Generated by org.testng.reporters.JUnitXMLReporter -->
<testsuite hostname="akawalkar-lap-0269" ignored="0" name="inetBanking" tests="6" failures="1" timestamp="2022-08-01T22:23:39 IST" time="53.534" errors="0">
  <testcase name="loginTest" time="4.949" classname="com.inetBanking.testCases.TC_LoginTest_001"/>
  <testcase name="loginDDT" time="7.162" classname="com.inetBanking.testCases.TC_Login_DDT_002">
    <failure type="java.lang.AssertionError" message="expected [true] but found [false]">
      <![CDATA[java.lang.AssertionError: expected [true] but found [false]
at com.inetBanking.testCases.TC_Login_DDT_002.loginDDT(TC_Login_DDT_002.java:38)
at java.util.ArrayList.forEach(ArrayList.java:1259)
... Removed 31 stack frames]]>
    </failure>
  </testcase> <!-- loginDDT -->
  <testcase name="loginDDT" time="6.923" classname="com.inetBanking.testCases.TC_Login_DDT_002"/>
  <testcase name="loginDDT" time="5.983" classname="com.inetBanking.testCases.TC_Login_DDT_002"/>
  <testcase name="loginDDT" time="5.385" classname="com.inetBanking.testCases.TC_Login_DDT_002"/>
  <testcase name="loginDDT" time="6.178" classname="com.inetBanking.testCases.TC_Login_DDT_002"/>
</testsuite> <!-- inetBanking -->
