<?xml version="1.0" encoding="UTF-8"?>
<!-- Generated by org.testng.reporters.JUnitXMLReporter -->
<testsuite hostname="akawalkar-lap-0269" ignored="0" name="inetBanking(failed)" tests="2" failures="1" timestamp="2022-03-01T16:11:00 IST" time="93.111" errors="0">
  <testcase name="addNewCustomer" time="50.091" classname="com.inetBanking.testCases.TC_AddCustometTest_003"/>
  <testcase name="loginDDT" time="8.742" classname="com.inetBanking.testCases.TC_Login_DDT_002">
    <failure type="java.lang.AssertionError" message="expected [true] but found [false]">
      <![CDATA[java.lang.AssertionError: expected [true] but found [false]
at com.inetBanking.testCases.TC_Login_DDT_002.loginDDT(TC_Login_DDT_002.java:38)
at java.util.ArrayList.forEach(ArrayList.java:1259)
... Removed 31 stack frames]]>
    </failure>
  </testcase> <!-- loginDDT -->
</testsuite> <!-- inetBanking(failed) -->
